
wifi.elf:     file format elf32-avr

Sections:
Idx Name          Size      VMA       LMA       File off  Algn
  0 .text         00000662  00000000  00000000  00000094  2**1
                  CONTENTS, ALLOC, LOAD, READONLY, CODE
  1 .data         00000026  00800060  00000662  000006f6  2**0
                  CONTENTS, ALLOC, LOAD, DATA
  2 .bss          00000006  00800086  00800086  0000071c  2**0
                  ALLOC
  3 .stab         00002604  00000000  00000000  0000071c  2**2
                  CONTENTS, READONLY, DEBUGGING
  4 .stabstr      00000d2e  00000000  00000000  00002d20  2**0
                  CONTENTS, READONLY, DEBUGGING

Disassembly of section .text:

00000000 <__vectors>:
   0:	12 c0       	rjmp	.+36     	; 0x26 <__ctors_end>
   2:	2a c0       	rjmp	.+84     	; 0x58 <__bad_interrupt>
   4:	29 c0       	rjmp	.+82     	; 0x58 <__bad_interrupt>
   6:	28 c0       	rjmp	.+80     	; 0x58 <__bad_interrupt>
   8:	27 c0       	rjmp	.+78     	; 0x58 <__bad_interrupt>
   a:	26 c0       	rjmp	.+76     	; 0x58 <__bad_interrupt>
   c:	25 c0       	rjmp	.+74     	; 0x58 <__bad_interrupt>
   e:	cb c0       	rjmp	.+406    	; 0x1a6 <__vector_7>
  10:	23 c0       	rjmp	.+70     	; 0x58 <__bad_interrupt>
  12:	22 c0       	rjmp	.+68     	; 0x58 <__bad_interrupt>
  14:	21 c0       	rjmp	.+66     	; 0x58 <__bad_interrupt>
  16:	19 c2       	rjmp	.+1074   	; 0x44a <__vector_11>
  18:	1f c0       	rjmp	.+62     	; 0x58 <__bad_interrupt>
  1a:	1e c0       	rjmp	.+60     	; 0x58 <__bad_interrupt>
  1c:	1d c0       	rjmp	.+58     	; 0x58 <__bad_interrupt>
  1e:	1c c0       	rjmp	.+56     	; 0x58 <__bad_interrupt>
  20:	1b c0       	rjmp	.+54     	; 0x58 <__bad_interrupt>
  22:	1a c0       	rjmp	.+52     	; 0x58 <__bad_interrupt>
  24:	19 c0       	rjmp	.+50     	; 0x58 <__bad_interrupt>

00000026 <__ctors_end>:
  26:	11 24       	eor	r1, r1
  28:	1f be       	out	0x3f, r1	; 63
  2a:	cf ed       	ldi	r28, 0xDF	; 223
  2c:	cd bf       	out	0x3d, r28	; 61

0000002e <__do_copy_data>:
  2e:	10 e0       	ldi	r17, 0x00	; 0
  30:	a0 e6       	ldi	r26, 0x60	; 96
  32:	b0 e0       	ldi	r27, 0x00	; 0
  34:	e2 e6       	ldi	r30, 0x62	; 98
  36:	f6 e0       	ldi	r31, 0x06	; 6
  38:	02 c0       	rjmp	.+4      	; 0x3e <__SP_H__>
  3a:	05 90       	lpm	r0, Z+
  3c:	0d 92       	st	X+, r0
  3e:	a6 38       	cpi	r26, 0x86	; 134
  40:	b1 07       	cpc	r27, r17
  42:	d9 f7       	brne	.-10     	; 0x3a <__CCP__+0x6>

00000044 <__do_clear_bss>:
  44:	10 e0       	ldi	r17, 0x00	; 0
  46:	a6 e8       	ldi	r26, 0x86	; 134
  48:	b0 e0       	ldi	r27, 0x00	; 0
  4a:	01 c0       	rjmp	.+2      	; 0x4e <.do_clear_bss_start>

0000004c <.do_clear_bss_loop>:
  4c:	1d 92       	st	X+, r1

0000004e <.do_clear_bss_start>:
  4e:	ac 38       	cpi	r26, 0x8C	; 140
  50:	b1 07       	cpc	r27, r17
  52:	e1 f7       	brne	.-8      	; 0x4c <.do_clear_bss_loop>
  54:	0a d1       	rcall	.+532    	; 0x26a <main>
  56:	03 c3       	rjmp	.+1542   	; 0x65e <_exit>

00000058 <__bad_interrupt>:
  58:	d3 cf       	rjmp	.-90     	; 0x0 <__vectors>

0000005a <Transmit>:
volatile uint8_t buffer_index = 0;
volatile uint8_t transmit_flag = 0;
volatile uint8_t timeout_flag = 1;
volatile uint8_t doing_flag = 0;

void Transmit(uint8_t *buffer,uint8_t buffersize){
  5a:	cf 93       	push	r28
  5c:	df 93       	push	r29
  5e:	ec 01       	movw	r28, r24
    uint16_t counter = 0;
    while (mirf_send (buffer, BUFFER_SIZE) && counter < 1000)
  60:	04 c0       	rjmp	.+8      	; 0x6a <Transmit+0x10>
	#else
		//round up by default
		__ticks_dc = (uint32_t)(ceil(fabs(__tmp)));
	#endif

	__builtin_avr_delay_cycles(__ticks_dc);
  62:	8a e1       	ldi	r24, 0x1A	; 26
  64:	8a 95       	dec	r24
  66:	f1 f7       	brne	.-4      	; 0x64 <Transmit+0xa>
  68:	00 c0       	rjmp	.+0      	; 0x6a <Transmit+0x10>
  6a:	ce 01       	movw	r24, r28
  6c:	60 e2       	ldi	r22, 0x20	; 32
  6e:	8f d2       	rcall	.+1310   	; 0x58e <mirf_send>
  70:	88 23       	and	r24, r24
  72:	b9 f7       	brne	.-18     	; 0x62 <Transmit+0x8>
    }
    if (counter >= 1000)
    {
        //transmit_string("e");
    }
}
  74:	df 91       	pop	r29
  76:	cf 91       	pop	r28
  78:	08 95       	ret

0000007a <Receive>:

int8_t Receive(uint8_t *buffer,uint8_t buffersize){
  7a:	0f 93       	push	r16
  7c:	1f 93       	push	r17
  7e:	cf 93       	push	r28
  80:	df 93       	push	r29
  82:	8c 01       	movw	r16, r24
    uint32_t i = 0;
//char test [7] = {'d','a','t','a',' ','i','s',' ','\n'};
    while (!mirf_data_ready()){
  84:	c0 e0       	ldi	r28, 0x00	; 0
  86:	d0 e0       	ldi	r29, 0x00	; 0
  88:	0a c0       	rjmp	.+20     	; 0x9e <Receive+0x24>
  8a:	87 ec       	ldi	r24, 0xC7	; 199
  8c:	90 e0       	ldi	r25, 0x00	; 0
  8e:	01 97       	sbiw	r24, 0x01	; 1
  90:	f1 f7       	brne	.-4      	; 0x8e <Receive+0x14>
  92:	00 c0       	rjmp	.+0      	; 0x94 <Receive+0x1a>
  94:	00 00       	nop
  96:	21 96       	adiw	r28, 0x01	; 1
        _delay_us (100);
        if(i > 50){
  98:	c4 33       	cpi	r28, 0x34	; 52
  9a:	d1 05       	cpc	r29, r1
  9c:	59 f0       	breq	.+22     	; 0xb4 <Receive+0x3a>
}

int8_t Receive(uint8_t *buffer,uint8_t buffersize){
    uint32_t i = 0;
//char test [7] = {'d','a','t','a',' ','i','s',' ','\n'};
    while (!mirf_data_ready()){
  9e:	8c d1       	rcall	.+792    	; 0x3b8 <mirf_data_ready>
  a0:	88 23       	and	r24, r24
  a2:	99 f3       	breq	.-26     	; 0x8a <Receive+0x10>
    //transmit_string("data is ready but i want to see\n");
    //for(i = 0; i < 7;i++){
    //    USART_Transmit(test[i]);
    //}
    //_delay_ms(50);
    mirf_get_data(buffer);
  a4:	c8 01       	movw	r24, r16
  a6:	a6 d1       	rcall	.+844    	; 0x3f4 <mirf_get_data>
//    for(i = 0; i < (buffersize); i++)
//    {
//        USART_Transmit(buffer[i]);
//    }
//    transmit_string("\r\n");
    return 1;
  a8:	81 e0       	ldi	r24, 0x01	; 1
}
  aa:	df 91       	pop	r29
  ac:	cf 91       	pop	r28
  ae:	1f 91       	pop	r17
  b0:	0f 91       	pop	r16
  b2:	08 95       	ret
    uint32_t i = 0;
//char test [7] = {'d','a','t','a',' ','i','s',' ','\n'};
    while (!mirf_data_ready()){
        _delay_us (100);
        if(i > 50){
            return -1;
  b4:	8f ef       	ldi	r24, 0xFF	; 255
//    {
//        USART_Transmit(buffer[i]);
//    }
//    transmit_string("\r\n");
    return 1;
}
  b6:	df 91       	pop	r29
  b8:	cf 91       	pop	r28
  ba:	1f 91       	pop	r17
  bc:	0f 91       	pop	r16
  be:	08 95       	ret

000000c0 <test_Transmit>:

void test_Transmit(uint8_t *buffer, uint8_t len){
    buffer[len-1]++;
  c0:	e6 2f       	mov	r30, r22
  c2:	f0 e0       	ldi	r31, 0x00	; 0
  c4:	31 97       	sbiw	r30, 0x01	; 1
  c6:	e8 0f       	add	r30, r24
  c8:	f9 1f       	adc	r31, r25
  ca:	20 81       	ld	r18, Z
  cc:	2f 5f       	subi	r18, 0xFF	; 255
  ce:	20 83       	st	Z, r18
    if (buffer[len-1] < ' ' || buffer[15] > 'z')
  d0:	20 32       	cpi	r18, 0x20	; 32
  d2:	30 f0       	brcs	.+12     	; 0xe0 <__stack+0x1>
  d4:	dc 01       	movw	r26, r24
  d6:	1f 96       	adiw	r26, 0x0f	; 15
  d8:	2c 91       	ld	r18, X
  da:	1f 97       	sbiw	r26, 0x0f	; 15
  dc:	2b 37       	cpi	r18, 0x7B	; 123
  de:	10 f0       	brcs	.+4      	; 0xe4 <__stack+0x5>
    {
        buffer[len-1] = ' ';
  e0:	20 e2       	ldi	r18, 0x20	; 32
  e2:	20 83       	st	Z, r18
    }
    Transmit(buffer,len);
  e4:	ba df       	rcall	.-140    	; 0x5a <Transmit>
    
}
  e6:	08 95       	ret

000000e8 <test_protocol>:
	#else
		//round up by default
		__ticks_dc = (uint32_t)(ceil(fabs(__tmp)));
	#endif

	__builtin_avr_delay_cycles(__ticks_dc);
  e8:	ef e0       	ldi	r30, 0x0F	; 15
  ea:	f7 e2       	ldi	r31, 0x27	; 39
  ec:	31 97       	sbiw	r30, 0x01	; 1
  ee:	f1 f7       	brne	.-4      	; 0xec <test_protocol+0x4>
  f0:	00 c0       	rjmp	.+0      	; 0xf2 <test_protocol+0xa>
  f2:	00 00       	nop
    _delay_ms(5);
    ////transmit_string("Rx_Powerup\r\n");
    //rx_powerup();
    //_delay_ms(1);
    //transmit_string("rxing\r\n");
    if(Receive(buffer,len)==1){
  f4:	c2 df       	rcall	.-124    	; 0x7a <Receive>
    }
    else{
        //transmit_string("rx bad\r\n");
    }
    //transmit_string ("test_protocol_done\r\n");
}
  f6:	08 95       	ret

000000f8 <USART_Flush>:
void USART_Flush( void )
{
    unsigned char dummy;
    while ( UCSRA & (1<<RXC) ) {dummy = UDR;}
  f8:	5f 9b       	sbis	0x0b, 7	; 11
  fa:	03 c0       	rjmp	.+6      	; 0x102 <USART_Flush+0xa>
  fc:	8c b1       	in	r24, 0x0c	; 12
  fe:	5f 99       	sbic	0x0b, 7	; 11
 100:	fd cf       	rjmp	.-6      	; 0xfc <USART_Flush+0x4>
 102:	08 95       	ret

00000104 <test>:
}

void test () {
 104:	cf 93       	push	r28
 106:	df 93       	push	r29
    if (1 == Receive(buffer, BUFFER_SIZE))
 108:	84 e6       	ldi	r24, 0x64	; 100
 10a:	90 e0       	ldi	r25, 0x00	; 0
 10c:	60 e2       	ldi	r22, 0x20	; 32
 10e:	b5 df       	rcall	.-150    	; 0x7a <Receive>
 110:	81 30       	cpi	r24, 0x01	; 1
 112:	81 f0       	breq	.+32     	; 0x134 <test+0x30>
        {
            USART_Transmit(buffer[i]);
        }
        USART_Transmit('\n');
    }
    if(1 == buffer_in_use)
 114:	80 91 87 00 	lds	r24, 0x0087
 118:	81 30       	cpi	r24, 0x01	; 1
 11a:	19 f0       	breq	.+6      	; 0x122 <test+0x1e>
    {
        // do something with the data in buffer...
        Transmit(buffer, BUFFER_SIZE);
        buffer_in_use = 0;
    }
}
 11c:	df 91       	pop	r29
 11e:	cf 91       	pop	r28
 120:	08 95       	ret
        USART_Transmit('\n');
    }
    if(1 == buffer_in_use)
    {
        // do something with the data in buffer...
        Transmit(buffer, BUFFER_SIZE);
 122:	84 e6       	ldi	r24, 0x64	; 100
 124:	90 e0       	ldi	r25, 0x00	; 0
 126:	60 e2       	ldi	r22, 0x20	; 32
 128:	98 df       	rcall	.-208    	; 0x5a <Transmit>
        buffer_in_use = 0;
 12a:	10 92 87 00 	sts	0x0087, r1
    }
}
 12e:	df 91       	pop	r29
 130:	cf 91       	pop	r28
 132:	08 95       	ret
}

void test () {
    if (1 == Receive(buffer, BUFFER_SIZE))
    {
        USART_Transmit('c');
 134:	83 e6       	ldi	r24, 0x63	; 99
 136:	7f d2       	rcall	.+1278   	; 0x636 <USART_Transmit>
        USART_Transmit('\n');
 138:	8a e0       	ldi	r24, 0x0A	; 10
 13a:	7d d2       	rcall	.+1274   	; 0x636 <USART_Transmit>
 13c:	c0 e0       	ldi	r28, 0x00	; 0
 13e:	d0 e0       	ldi	r29, 0x00	; 0
        char i = 0;
        for(i = 0; i < BUFFER_SIZE; i++)
        {
            USART_Transmit(buffer[i]);
 140:	fe 01       	movw	r30, r28
 142:	ec 59       	subi	r30, 0x9C	; 156
 144:	ff 4f       	sbci	r31, 0xFF	; 255
 146:	80 81       	ld	r24, Z
 148:	76 d2       	rcall	.+1260   	; 0x636 <USART_Transmit>
 14a:	21 96       	adiw	r28, 0x01	; 1
    if (1 == Receive(buffer, BUFFER_SIZE))
    {
        USART_Transmit('c');
        USART_Transmit('\n');
        char i = 0;
        for(i = 0; i < BUFFER_SIZE; i++)
 14c:	c0 32       	cpi	r28, 0x20	; 32
 14e:	d1 05       	cpc	r29, r1
 150:	b9 f7       	brne	.-18     	; 0x140 <test+0x3c>
        {
            USART_Transmit(buffer[i]);
        }
        USART_Transmit('\n');
 152:	8a e0       	ldi	r24, 0x0A	; 10
 154:	70 d2       	rcall	.+1248   	; 0x636 <USART_Transmit>
 156:	de cf       	rjmp	.-68     	; 0x114 <test+0x10>

00000158 <set_channel>:
        buffer_in_use = 0;
    }
}

void set_channel(uint8_t channel)
{
 158:	68 2f       	mov	r22, r24
    mirf_config_register(RF_CH,channel); // Set the channel
 15a:	85 e0       	ldi	r24, 0x05	; 5
 15c:	39 d1       	rcall	.+626    	; 0x3d0 <mirf_config_register>
}
 15e:	08 95       	ret

00000160 <set_TX_addr>:

void set_TX_addr(uint8_t *addr){
    mirf_set_TADDR(addr);
 160:	e7 d1       	rcall	.+974    	; 0x530 <mirf_set_TADDR>
}
 162:	08 95       	ret

00000164 <set_RX_addr>:

void set_RX_addr(uint8_t pipe,uint8_t *addr)
{
    switch(pipe){
 164:	82 30       	cpi	r24, 0x02	; 2
 166:	c9 f0       	breq	.+50     	; 0x19a <set_RX_addr+0x36>
 168:	83 30       	cpi	r24, 0x03	; 3
 16a:	38 f0       	brcs	.+14     	; 0x17a <set_RX_addr+0x16>
 16c:	84 30       	cpi	r24, 0x04	; 4
 16e:	c1 f0       	breq	.+48     	; 0x1a0 <set_RX_addr+0x3c>
 170:	84 30       	cpi	r24, 0x04	; 4
 172:	58 f4       	brcc	.+22     	; 0x18a <set_RX_addr+0x26>
            break;
        case 2:
            mirf_set_RADDR_P2(addr); 
            break;
        case 3:
            mirf_set_RADDR_P3(addr);
 174:	cb 01       	movw	r24, r22
 176:	ef d1       	rcall	.+990    	; 0x556 <mirf_set_RADDR_P3>
            break;
 178:	08 95       	ret
    mirf_set_TADDR(addr);
}

void set_RX_addr(uint8_t pipe,uint8_t *addr)
{
    switch(pipe){
 17a:	88 23       	and	r24, r24
 17c:	19 f4       	brne	.+6      	; 0x184 <set_RX_addr+0x20>
        case 0:
            mirf_set_RADDR(addr);
 17e:	cb 01       	movw	r24, r22
 180:	ff d1       	rcall	.+1022   	; 0x580 <mirf_set_RADDR>
            break;
 182:	08 95       	ret
    mirf_set_TADDR(addr);
}

void set_RX_addr(uint8_t pipe,uint8_t *addr)
{
    switch(pipe){
 184:	81 30       	cpi	r24, 0x01	; 1
 186:	31 f0       	breq	.+12     	; 0x194 <set_RX_addr+0x30>
 188:	08 95       	ret
 18a:	85 30       	cpi	r24, 0x05	; 5
 18c:	e9 f7       	brne	.-6      	; 0x188 <set_RX_addr+0x24>
            break;
        case 4:
            mirf_set_RADDR_P4(addr); 
            break;
        case 5:
            mirf_set_RADDR_P5(addr); 
 18e:	cb 01       	movw	r24, r22
 190:	d4 d1       	rcall	.+936    	; 0x53a <mirf_set_RADDR_P5>
 192:	08 95       	ret
    switch(pipe){
        case 0:
            mirf_set_RADDR(addr);
            break;
        case 1:
            mirf_set_RADDR_P1(addr);
 194:	cb 01       	movw	r24, r22
 196:	ed d1       	rcall	.+986    	; 0x572 <mirf_set_RADDR_P1>
            break;
 198:	08 95       	ret
        case 2:
            mirf_set_RADDR_P2(addr); 
 19a:	cb 01       	movw	r24, r22
 19c:	e3 d1       	rcall	.+966    	; 0x564 <mirf_set_RADDR_P2>
            break;
 19e:	08 95       	ret
        case 3:
            mirf_set_RADDR_P3(addr);
            break;
        case 4:
            mirf_set_RADDR_P4(addr); 
 1a0:	cb 01       	movw	r24, r22
 1a2:	d2 d1       	rcall	.+932    	; 0x548 <mirf_set_RADDR_P4>
            break;
 1a4:	08 95       	ret

000001a6 <__vector_7>:
            break;
    }
}


ISR(USART_RX_vect){
 1a6:	1f 92       	push	r1
 1a8:	0f 92       	push	r0
 1aa:	0f b6       	in	r0, 0x3f	; 63
 1ac:	0f 92       	push	r0
 1ae:	11 24       	eor	r1, r1
 1b0:	2f 93       	push	r18
 1b2:	3f 93       	push	r19
 1b4:	4f 93       	push	r20
 1b6:	5f 93       	push	r21
 1b8:	6f 93       	push	r22
 1ba:	7f 93       	push	r23
 1bc:	8f 93       	push	r24
 1be:	9f 93       	push	r25
 1c0:	af 93       	push	r26
 1c2:	bf 93       	push	r27
 1c4:	ef 93       	push	r30
 1c6:	ff 93       	push	r31

    uint8_t data = USART_Receive();
 1c8:	3a d2       	rcall	.+1140   	; 0x63e <USART_Receive>
    if ((0 == buffer_index) && (0 == buffer_in_use))
 1ca:	90 91 88 00 	lds	r25, 0x0088
 1ce:	99 23       	and	r25, r25
 1d0:	29 f4       	brne	.+10     	; 0x1dc <__vector_7+0x36>
 1d2:	90 91 87 00 	lds	r25, 0x0087
 1d6:	99 23       	and	r25, r25
 1d8:	09 f4       	brne	.+2      	; 0x1dc <__vector_7+0x36>
 1da:	3f c0       	rjmp	.+126    	; 0x25a <__vector_7+0xb4>
    {
        transmit_flag = 0;
    }
    if (0 == transmit_flag)
 1dc:	90 91 89 00 	lds	r25, 0x0089
 1e0:	99 23       	and	r25, r25
 1e2:	31 f4       	brne	.+12     	; 0x1f0 <__vector_7+0x4a>
    {
        if(0 == buffer_index)
 1e4:	90 91 88 00 	lds	r25, 0x0088
 1e8:	99 23       	and	r25, r25
 1ea:	f9 f4       	brne	.+62     	; 0x22a <__vector_7+0x84>
        {
            instr = data;
 1ec:	80 93 86 00 	sts	0x0086, r24
        {
            buffer[buffer_index] = data;
        }
    }

    if(buffer_index == 31){
 1f0:	80 91 88 00 	lds	r24, 0x0088
 1f4:	8f 31       	cpi	r24, 0x1F	; 31
 1f6:	19 f1       	breq	.+70     	; 0x23e <__vector_7+0x98>
            buffer_in_use = 1;
            USART_Transmit('a');
            USART_Transmit('\n');
        }
    }
    buffer_index = ((buffer_index+1)%32);
 1f8:	80 91 88 00 	lds	r24, 0x0088
 1fc:	90 e0       	ldi	r25, 0x00	; 0
 1fe:	01 96       	adiw	r24, 0x01	; 1
 200:	8f 71       	andi	r24, 0x1F	; 31
 202:	90 70       	andi	r25, 0x00	; 0
 204:	80 93 88 00 	sts	0x0088, r24
}
 208:	ff 91       	pop	r31
 20a:	ef 91       	pop	r30
 20c:	bf 91       	pop	r27
 20e:	af 91       	pop	r26
 210:	9f 91       	pop	r25
 212:	8f 91       	pop	r24
 214:	7f 91       	pop	r23
 216:	6f 91       	pop	r22
 218:	5f 91       	pop	r21
 21a:	4f 91       	pop	r20
 21c:	3f 91       	pop	r19
 21e:	2f 91       	pop	r18
 220:	0f 90       	pop	r0
 222:	0f be       	out	0x3f, r0	; 63
 224:	0f 90       	pop	r0
 226:	1f 90       	pop	r1
 228:	18 95       	reti
        {
            instr = data;
        }
        else
        {
            buffer[buffer_index] = data;
 22a:	e0 91 88 00 	lds	r30, 0x0088
 22e:	f0 e0       	ldi	r31, 0x00	; 0
 230:	ec 59       	subi	r30, 0x9C	; 156
 232:	ff 4f       	sbci	r31, 0xFF	; 255
 234:	80 83       	st	Z, r24
        }
    }

    if(buffer_index == 31){
 236:	80 91 88 00 	lds	r24, 0x0088
 23a:	8f 31       	cpi	r24, 0x1F	; 31
 23c:	e9 f6       	brne	.-70     	; 0x1f8 <__vector_7+0x52>
        if (1 == transmit_flag)
 23e:	80 91 89 00 	lds	r24, 0x0089
 242:	81 30       	cpi	r24, 0x01	; 1
 244:	69 f0       	breq	.+26     	; 0x260 <__vector_7+0xba>
            USART_Transmit('b');
            USART_Transmit('\n');
        }
        else
        {
            transmit_flag = 1;
 246:	81 e0       	ldi	r24, 0x01	; 1
 248:	80 93 89 00 	sts	0x0089, r24
            buffer_in_use = 1;
 24c:	80 93 87 00 	sts	0x0087, r24
            USART_Transmit('a');
 250:	81 e6       	ldi	r24, 0x61	; 97
 252:	f1 d1       	rcall	.+994    	; 0x636 <USART_Transmit>
            USART_Transmit('\n');
 254:	8a e0       	ldi	r24, 0x0A	; 10
 256:	ef d1       	rcall	.+990    	; 0x636 <USART_Transmit>
 258:	cf cf       	rjmp	.-98     	; 0x1f8 <__vector_7+0x52>
ISR(USART_RX_vect){

    uint8_t data = USART_Receive();
    if ((0 == buffer_index) && (0 == buffer_in_use))
    {
        transmit_flag = 0;
 25a:	10 92 89 00 	sts	0x0089, r1
 25e:	be cf       	rjmp	.-132    	; 0x1dc <__vector_7+0x36>
    }

    if(buffer_index == 31){
        if (1 == transmit_flag)
        {
            USART_Transmit('b');
 260:	82 e6       	ldi	r24, 0x62	; 98
 262:	e9 d1       	rcall	.+978    	; 0x636 <USART_Transmit>
            USART_Transmit('\n');
 264:	8a e0       	ldi	r24, 0x0A	; 10
 266:	e7 d1       	rcall	.+974    	; 0x636 <USART_Transmit>
 268:	c7 cf       	rjmp	.-114    	; 0x1f8 <__vector_7+0x52>

0000026a <main>:
    }
    buffer_index = ((buffer_index+1)%32);
}

int main (void)
{
 26a:	cf 93       	push	r28
 26c:	df 93       	push	r29
	USART_Init(MY_UBBR);
 26e:	8c e0       	ldi	r24, 0x0C	; 12
 270:	90 e0       	ldi	r25, 0x00	; 0
 272:	da d1       	rcall	.+948    	; 0x628 <USART_Init>
//    }
	
	//uint8_t buffersize = BUFFER_SIZE;
	// Initialize AVR for use with mirf

	mirf_init();
 274:	93 d0       	rcall	.+294    	; 0x39c <mirf_init>
 276:	8f e7       	ldi	r24, 0x7F	; 127
 278:	98 e3       	ldi	r25, 0x38	; 56
 27a:	a1 e0       	ldi	r26, 0x01	; 1
 27c:	81 50       	subi	r24, 0x01	; 1
 27e:	90 40       	sbci	r25, 0x00	; 0
 280:	a0 40       	sbci	r26, 0x00	; 0
 282:	e1 f7       	brne	.-8      	; 0x27c <main+0x12>
 284:	00 c0       	rjmp	.+0      	; 0x286 <main+0x1c>
 286:	00 00       	nop
	// Wait for mirf to come up
	_delay_ms(50);
	// Activate interrupts
    sei();
 288:	78 94       	sei
	mirf_read_register (STATUS, buffer, 1);
 28a:	87 e0       	ldi	r24, 0x07	; 7
 28c:	64 e6       	ldi	r22, 0x64	; 100
 28e:	70 e0       	ldi	r23, 0x00	; 0
 290:	41 e0       	ldi	r20, 0x01	; 1
 292:	1f d1       	rcall	.+574    	; 0x4d2 <mirf_read_register>
	// Configure mirf
	mirf_config();
 294:	11 d1       	rcall	.+546    	; 0x4b8 <mirf_config>
	// Test transmitting
	buffer[0] = '7';
 296:	87 e3       	ldi	r24, 0x37	; 55
 298:	80 93 64 00 	sts	0x0064, r24
 29c:	8f ef       	ldi	r24, 0xFF	; 255
 29e:	90 e7       	ldi	r25, 0x70	; 112
 2a0:	a2 e0       	ldi	r26, 0x02	; 2
 2a2:	81 50       	subi	r24, 0x01	; 1
 2a4:	90 40       	sbci	r25, 0x00	; 0
 2a6:	a0 40       	sbci	r26, 0x00	; 0
 2a8:	e1 f7       	brne	.-8      	; 0x2a2 <main+0x38>
 2aa:	00 c0       	rjmp	.+0      	; 0x2ac <main+0x42>
 2ac:	00 00       	nop
    //rx_powerup();
    _delay_ms(100);
    mirf_config_register(STATUS,(1<<TX_DS)|(1<<MAX_RT)); // Reset status register
 2ae:	87 e0       	ldi	r24, 0x07	; 7
 2b0:	60 e3       	ldi	r22, 0x30	; 48
 2b2:	8e d0       	rcall	.+284    	; 0x3d0 <mirf_config_register>
 2b4:	8f e7       	ldi	r24, 0x7F	; 127
 2b6:	98 e3       	ldi	r25, 0x38	; 56
 2b8:	a1 e0       	ldi	r26, 0x01	; 1
 2ba:	81 50       	subi	r24, 0x01	; 1
 2bc:	90 40       	sbci	r25, 0x00	; 0
 2be:	a0 40       	sbci	r26, 0x00	; 0
 2c0:	e1 f7       	brne	.-8      	; 0x2ba <main+0x50>
 2c2:	00 c0       	rjmp	.+0      	; 0x2c4 <main+0x5a>
 2c4:	00 00       	nop
    _delay_ms(50);
	
    transmit_string ("s\r\n");
 2c6:	80 e6       	ldi	r24, 0x60	; 96
 2c8:	90 e0       	ldi	r25, 0x00	; 0
 2ca:	bd d1       	rcall	.+890    	; 0x646 <transmit_string>
 2cc:	04 c0       	rjmp	.+8      	; 0x2d6 <main+0x6c>
            {
                USART_Transmit(buffer[i]);
            }
            USART_Transmit('\n');
        }
        if(1 == buffer_in_use)
 2ce:	80 91 87 00 	lds	r24, 0x0087
 2d2:	81 30       	cpi	r24, 0x01	; 1
 2d4:	d9 f0       	breq	.+54     	; 0x30c <main+0xa2>
	
    transmit_string ("s\r\n");
    while (1)
    {
        //test();
        if (1 == Receive(buffer, BUFFER_SIZE))
 2d6:	84 e6       	ldi	r24, 0x64	; 100
 2d8:	90 e0       	ldi	r25, 0x00	; 0
 2da:	60 e2       	ldi	r22, 0x20	; 32
 2dc:	ce de       	rcall	.-612    	; 0x7a <Receive>
 2de:	81 30       	cpi	r24, 0x01	; 1
 2e0:	b1 f7       	brne	.-20     	; 0x2ce <main+0x64>
        {
            USART_Transmit('c');
 2e2:	83 e6       	ldi	r24, 0x63	; 99
 2e4:	a8 d1       	rcall	.+848    	; 0x636 <USART_Transmit>
            USART_Transmit('\n');
 2e6:	8a e0       	ldi	r24, 0x0A	; 10
 2e8:	a6 d1       	rcall	.+844    	; 0x636 <USART_Transmit>
 2ea:	c0 e0       	ldi	r28, 0x00	; 0
 2ec:	d0 e0       	ldi	r29, 0x00	; 0
            char i = 0;
            for(i = 0; i < BUFFER_SIZE; i++)
            {
                USART_Transmit(buffer[i]);
 2ee:	fe 01       	movw	r30, r28
 2f0:	ec 59       	subi	r30, 0x9C	; 156
 2f2:	ff 4f       	sbci	r31, 0xFF	; 255
 2f4:	80 81       	ld	r24, Z
 2f6:	9f d1       	rcall	.+830    	; 0x636 <USART_Transmit>
 2f8:	21 96       	adiw	r28, 0x01	; 1
        if (1 == Receive(buffer, BUFFER_SIZE))
        {
            USART_Transmit('c');
            USART_Transmit('\n');
            char i = 0;
            for(i = 0; i < BUFFER_SIZE; i++)
 2fa:	c0 32       	cpi	r28, 0x20	; 32
 2fc:	d1 05       	cpc	r29, r1
 2fe:	b9 f7       	brne	.-18     	; 0x2ee <main+0x84>
            {
                USART_Transmit(buffer[i]);
            }
            USART_Transmit('\n');
 300:	8a e0       	ldi	r24, 0x0A	; 10
 302:	99 d1       	rcall	.+818    	; 0x636 <USART_Transmit>
        }
        if(1 == buffer_in_use)
 304:	80 91 87 00 	lds	r24, 0x0087
 308:	81 30       	cpi	r24, 0x01	; 1
 30a:	29 f7       	brne	.-54     	; 0x2d6 <main+0x6c>
        {
            // do something with the data in buffer...
            Transmit(buffer, BUFFER_SIZE);
 30c:	84 e6       	ldi	r24, 0x64	; 100
 30e:	90 e0       	ldi	r25, 0x00	; 0
 310:	60 e2       	ldi	r22, 0x20	; 32
 312:	a3 de       	rcall	.-698    	; 0x5a <Transmit>
            buffer_in_use = 0;
 314:	10 92 87 00 	sts	0x0087, r1
 318:	de cf       	rjmp	.-68     	; 0x2d6 <main+0x6c>

0000031a <spi_init>:
 31a:	bd 98       	cbi	0x17, 5	; 23
 31c:	c5 9a       	sbi	0x18, 5	; 24
 31e:	87 b3       	in	r24, 0x17	; 23
 320:	80 6c       	ori	r24, 0xC0	; 192
 322:	87 bb       	out	0x17, r24	; 23
 324:	8a e1       	ldi	r24, 0x1A	; 26
 326:	8d b9       	out	0x0d, r24	; 13
 328:	08 95       	ret

0000032a <spi>:
 32a:	8f b9       	out	0x0f, r24	; 15
 32c:	80 e4       	ldi	r24, 0x40	; 64
 32e:	8e b9       	out	0x0e, r24	; 14
 330:	8b e1       	ldi	r24, 0x1B	; 27
 332:	8d b9       	out	0x0d, r24	; 13
 334:	76 9b       	sbis	0x0e, 6	; 14
 336:	fd cf       	rjmp	.-6      	; 0x332 <spi+0x8>
 338:	8f b1       	in	r24, 0x0f	; 15
 33a:	08 95       	ret

0000033c <spi_transfer_sync>:
 33c:	44 23       	and	r20, r20
 33e:	91 f0       	breq	.+36     	; 0x364 <spi_transfer_sync+0x28>
 340:	a8 2f       	mov	r26, r24
 342:	b9 2f       	mov	r27, r25
 344:	e6 2f       	mov	r30, r22
 346:	f7 2f       	mov	r31, r23
 348:	90 e0       	ldi	r25, 0x00	; 0
 34a:	30 e4       	ldi	r19, 0x40	; 64
 34c:	8b e1       	ldi	r24, 0x1B	; 27
 34e:	2d 91       	ld	r18, X+
 350:	2f b9       	out	0x0f, r18	; 15
 352:	3e b9       	out	0x0e, r19	; 14
 354:	8d b9       	out	0x0d, r24	; 13
 356:	76 9b       	sbis	0x0e, 6	; 14
 358:	fd cf       	rjmp	.-6      	; 0x354 <spi_transfer_sync+0x18>
 35a:	2f b1       	in	r18, 0x0f	; 15
 35c:	21 93       	st	Z+, r18
 35e:	9f 5f       	subi	r25, 0xFF	; 255
 360:	94 17       	cp	r25, r20
 362:	a8 f3       	brcs	.-22     	; 0x34e <spi_transfer_sync+0x12>
 364:	08 95       	ret

00000366 <spi_transmit_sync>:
 366:	66 23       	and	r22, r22
 368:	79 f0       	breq	.+30     	; 0x388 <spi_transmit_sync+0x22>
 36a:	e8 2f       	mov	r30, r24
 36c:	f9 2f       	mov	r31, r25
 36e:	90 e0       	ldi	r25, 0x00	; 0
 370:	30 e4       	ldi	r19, 0x40	; 64
 372:	8b e1       	ldi	r24, 0x1B	; 27
 374:	21 91       	ld	r18, Z+
 376:	2f b9       	out	0x0f, r18	; 15
 378:	3e b9       	out	0x0e, r19	; 14
 37a:	8d b9       	out	0x0d, r24	; 13
 37c:	76 9b       	sbis	0x0e, 6	; 14
 37e:	fd cf       	rjmp	.-6      	; 0x37a <spi_transmit_sync+0x14>
 380:	2f b1       	in	r18, 0x0f	; 15
 382:	9f 5f       	subi	r25, 0xFF	; 255
 384:	96 17       	cp	r25, r22
 386:	b0 f3       	brcs	.-20     	; 0x374 <spi_transmit_sync+0xe>
 388:	08 95       	ret

0000038a <spi_fast_shift>:
 38a:	8f b9       	out	0x0f, r24	; 15
 38c:	80 e4       	ldi	r24, 0x40	; 64
 38e:	8e b9       	out	0x0e, r24	; 14
 390:	8b e1       	ldi	r24, 0x1B	; 27
 392:	8d b9       	out	0x0d, r24	; 13
 394:	76 9b       	sbis	0x0e, 6	; 14
 396:	fd cf       	rjmp	.-6      	; 0x392 <spi_fast_shift+0x8>
 398:	8f b1       	in	r24, 0x0f	; 15
 39a:	08 95       	ret

0000039c <mirf_init>:
void mirf_init() 
// Initializes pins ans interrupt to communicate with the MiRF module
// Should be called in the early initializing phase at startup.
{
    // Define CSN and CE as Output and set them to default
    DDRB |= ((1<<CSN)|(1<<CE));
 39c:	87 b3       	in	r24, 0x17	; 23
 39e:	8c 60       	ori	r24, 0x0C	; 12
 3a0:	87 bb       	out	0x17, r24	; 23
    PORTB |= (1<<PB4); //Enable the interrupt pin as an input set to high since the IRQ is active low
 3a2:	c4 9a       	sbi	0x18, 4	; 24
    mirf_CE_lo;
 3a4:	c3 98       	cbi	0x18, 3	; 24
    mirf_CSN_hi;
 3a6:	c2 9a       	sbi	0x18, 2	; 24
    PCMSK0 |= (1<<PCINT3);
#endif // __AVR_ATmega8__

#if defined(__AVR_ATtiny2313__)
    // Initialize PCINT4
    GIMSK |= (1<<PCIE);
 3a8:	8b b7       	in	r24, 0x3b	; 59
 3aa:	80 62       	ori	r24, 0x20	; 32
 3ac:	8b bf       	out	0x3b, r24	; 59
	PCMSK |= (1<<PCINT4);
 3ae:	80 b5       	in	r24, 0x20	; 32
 3b0:	80 61       	ori	r24, 0x10	; 16
 3b2:	80 bd       	out	0x20, r24	; 32
	GIMSK |= (1<<PCIE);
	PCMSK |= (1<<PCINT4);
    */

    // Initialize spi module
    spi_init();
 3b4:	b2 df       	rcall	.-156    	; 0x31a <spi_init>
}
 3b6:	08 95       	ret

000003b8 <mirf_data_ready>:
}

extern uint8_t mirf_data_ready() 
// Checks if data is available for reading
{
    if (PTX) return 0;
 3b8:	80 91 8b 00 	lds	r24, 0x008B
 3bc:	88 23       	and	r24, r24
 3be:	11 f0       	breq	.+4      	; 0x3c4 <mirf_data_ready+0xc>
 3c0:	80 e0       	ldi	r24, 0x00	; 0
    // Read MiRF status 
    mirf_CSN_lo;                                // Pull down chip select
    status = spi_fast_shift(NOP);               // Read status register
    mirf_CSN_hi;                                // Pull up chip select
    return status & (1<<RX_DR);
}
 3c2:	08 95       	ret
// Checks if data is available for reading
{
    if (PTX) return 0;
    uint8_t status;
    // Read MiRF status 
    mirf_CSN_lo;                                // Pull down chip select
 3c4:	c2 98       	cbi	0x18, 2	; 24
    status = spi_fast_shift(NOP);               // Read status register
 3c6:	8f ef       	ldi	r24, 0xFF	; 255
 3c8:	e0 df       	rcall	.-64     	; 0x38a <spi_fast_shift>
    mirf_CSN_hi;                                // Pull up chip select
 3ca:	c2 9a       	sbi	0x18, 2	; 24
    return status & (1<<RX_DR);
 3cc:	80 74       	andi	r24, 0x40	; 64
 3ce:	08 95       	ret

000003d0 <mirf_config_register>:
    mirf_config_register(STATUS,(1<<RX_DR));   // Reset status register
}

void mirf_config_register(uint8_t reg, uint8_t value)
// Clocks only one byte into the given MiRF register
{
 3d0:	df 93       	push	r29
 3d2:	cf 93       	push	r28
 3d4:	0f 92       	push	r0
 3d6:	cd b7       	in	r28, 0x3d	; 61
 3d8:	de b7       	in	r29, 0x3e	; 62
    mirf_CSN_lo;
 3da:	c2 98       	cbi	0x18, 2	; 24
    spi_fast_shift(W_REGISTER | (REGISTER_MASK & reg));
 3dc:	8f 71       	andi	r24, 0x1F	; 31
 3de:	80 62       	ori	r24, 0x20	; 32
 3e0:	69 83       	std	Y+1, r22	; 0x01
 3e2:	d3 df       	rcall	.-90     	; 0x38a <spi_fast_shift>
    spi_fast_shift(value);
 3e4:	69 81       	ldd	r22, Y+1	; 0x01
 3e6:	86 2f       	mov	r24, r22
 3e8:	d0 df       	rcall	.-96     	; 0x38a <spi_fast_shift>
    mirf_CSN_hi;
 3ea:	c2 9a       	sbi	0x18, 2	; 24
}
 3ec:	0f 90       	pop	r0
 3ee:	cf 91       	pop	r28
 3f0:	df 91       	pop	r29
 3f2:	08 95       	ret

000003f4 <mirf_get_data>:
    return status & (1<<RX_DR);
}

extern void mirf_get_data(uint8_t * data) 
// Reads mirf_PAYLOAD bytes into data array
{
 3f4:	cf 93       	push	r28
 3f6:	df 93       	push	r29
 3f8:	ec 01       	movw	r28, r24
    mirf_CSN_lo;                               // Pull down chip select
 3fa:	c2 98       	cbi	0x18, 2	; 24
    spi_fast_shift( R_RX_PAYLOAD );            // Send cmd to read rx payload
 3fc:	81 e6       	ldi	r24, 0x61	; 97
 3fe:	c5 df       	rcall	.-118    	; 0x38a <spi_fast_shift>
    spi_transfer_sync(data,data,mirf_PAYLOAD); // Read payload
 400:	ce 01       	movw	r24, r28
 402:	be 01       	movw	r22, r28
 404:	40 e2       	ldi	r20, 0x20	; 32
 406:	9a df       	rcall	.-204    	; 0x33c <spi_transfer_sync>
    mirf_CSN_hi;                               // Pull up chip select
 408:	c2 9a       	sbi	0x18, 2	; 24
    mirf_CSN_lo;                    // Pull down chip select
 40a:	c2 98       	cbi	0x18, 2	; 24
    spi_fast_shift( FLUSH_RX );     // Write cmd to flush tx fifo
 40c:	82 ee       	ldi	r24, 0xE2	; 226
 40e:	bd df       	rcall	.-134    	; 0x38a <spi_fast_shift>
    mirf_CSN_hi;                    // Pull up chip select
 410:	c2 9a       	sbi	0x18, 2	; 24
    mirf_config_register(STATUS,(1<<RX_DR));   // Reset status register
 412:	87 e0       	ldi	r24, 0x07	; 7
 414:	60 e4       	ldi	r22, 0x40	; 64
 416:	dc df       	rcall	.-72     	; 0x3d0 <mirf_config_register>
}
 418:	df 91       	pop	r29
 41a:	cf 91       	pop	r28
 41c:	08 95       	ret

0000041e <tx_complete>:
//    EIFR |= (1<<PCIF);
}

void tx_complete(void){
    uint8_t status;
    if (PTX) {
 41e:	80 91 8b 00 	lds	r24, 0x008B
 422:	88 23       	and	r24, r24
 424:	71 f0       	breq	.+28     	; 0x442 <tx_complete+0x24>
        // Read MiRF status 
        mirf_CSN_lo;                                // Pull down chip select
 426:	c2 98       	cbi	0x18, 2	; 24
        status = spi_fast_shift(NOP);               // Read status register
 428:	8f ef       	ldi	r24, 0xFF	; 255
 42a:	af df       	rcall	.-162    	; 0x38a <spi_fast_shift>
        mirf_CSN_hi;                                // Pull up chip select
 42c:	c2 9a       	sbi	0x18, 2	; 24

        mirf_CE_lo;                             // Deactivate transreceiver
 42e:	c3 98       	cbi	0x18, 3	; 24
        RX_POWERUP;                             // Power up in receiving mode
 430:	80 e0       	ldi	r24, 0x00	; 0
 432:	6b e4       	ldi	r22, 0x4B	; 75
 434:	cd df       	rcall	.-102    	; 0x3d0 <mirf_config_register>
        mirf_CE_hi;                             // Listening for pakets
 436:	c3 9a       	sbi	0x18, 3	; 24
        PTX = 0;                                // Set to receiving mode
 438:	10 92 8b 00 	sts	0x008B, r1

        // Reset status register for further interaction
        mirf_config_register(STATUS,(1<<TX_DS)|(1<<MAX_RT)); // Reset status register
 43c:	87 e0       	ldi	r24, 0x07	; 7
 43e:	60 e3       	ldi	r22, 0x30	; 48
 440:	c7 df       	rcall	.-114    	; 0x3d0 <mirf_config_register>
    }
#if defined(__AVR_ATtiny2313__)
    EIFR |= (1<<PCIF);
 442:	8a b7       	in	r24, 0x3a	; 58
 444:	80 62       	ori	r24, 0x20	; 32
 446:	8a bf       	out	0x3a, r24	; 58
#endif // __AVR_ATmega8__
#if defined(__AVR_ATtiny167__)
    PCIFR |= (1<<PCIF0);
#endif // __AVR_ATmega168__  
}
 448:	08 95       	ret

0000044a <__vector_11>:
#if defined(__AVR_ATtiny167__)
    ISR(PCINT0_vect)
#endif // __AVR_ATmega168__  
// Interrupt handler 
//ISR(PCINT_vect)
{
 44a:	1f 92       	push	r1
 44c:	0f 92       	push	r0
 44e:	0f b6       	in	r0, 0x3f	; 63
 450:	0f 92       	push	r0
 452:	11 24       	eor	r1, r1
 454:	2f 93       	push	r18
 456:	3f 93       	push	r19
 458:	4f 93       	push	r20
 45a:	5f 93       	push	r21
 45c:	6f 93       	push	r22
 45e:	7f 93       	push	r23
 460:	8f 93       	push	r24
 462:	9f 93       	push	r25
 464:	af 93       	push	r26
 466:	bf 93       	push	r27
 468:	ef 93       	push	r30
 46a:	ff 93       	push	r31
    //DDRD |= (1<<6);
    //PORTD |= (1<<6);
    //transmit_string("interupted\n");
    uint8_t status;   
    // If still in transmitting mode then finish transmission
    if (PTX) {
 46c:	80 91 8b 00 	lds	r24, 0x008B
 470:	88 23       	and	r24, r24
 472:	71 f0       	breq	.+28     	; 0x490 <__vector_11+0x46>
    
        // Read MiRF status 
        mirf_CSN_lo;                                // Pull down chip select
 474:	c2 98       	cbi	0x18, 2	; 24
        status = spi_fast_shift(NOP);               // Read status register
 476:	8f ef       	ldi	r24, 0xFF	; 255
 478:	88 df       	rcall	.-240    	; 0x38a <spi_fast_shift>
        mirf_CSN_hi;                                // Pull up chip select
 47a:	c2 9a       	sbi	0x18, 2	; 24

        mirf_CE_lo;                             // Deactivate transreceiver
 47c:	c3 98       	cbi	0x18, 3	; 24
        RX_POWERUP;                             // Power up in receiving mode
 47e:	80 e0       	ldi	r24, 0x00	; 0
 480:	6b e4       	ldi	r22, 0x4B	; 75
 482:	a6 df       	rcall	.-180    	; 0x3d0 <mirf_config_register>
        mirf_CE_hi;                             // Listening for pakets
 484:	c3 9a       	sbi	0x18, 3	; 24
        PTX = 0;                                // Set to receiving mode
 486:	10 92 8b 00 	sts	0x008B, r1

        // Reset status register for further interaction
        mirf_config_register(STATUS,(1<<TX_DS)|(1<<MAX_RT)); // Reset status register
 48a:	87 e0       	ldi	r24, 0x07	; 7
 48c:	60 e3       	ldi	r22, 0x30	; 48
 48e:	a0 df       	rcall	.-192    	; 0x3d0 <mirf_config_register>
    }
//PORTD &= (~(1<<6));
#if defined(__AVR_ATtiny2313__)
    EIFR |= (1<<PCIF);
 490:	8a b7       	in	r24, 0x3a	; 58
 492:	80 62       	ori	r24, 0x20	; 32
 494:	8a bf       	out	0x3a, r24	; 58
#endif // __AVR_ATmega8__
#if defined(__AVR_ATtiny167__)
    PCIFR |= (1<<PCIF0);
#endif // __AVR_ATmega168__  
//    EIFR |= (1<<PCIF);
}
 496:	ff 91       	pop	r31
 498:	ef 91       	pop	r30
 49a:	bf 91       	pop	r27
 49c:	af 91       	pop	r26
 49e:	9f 91       	pop	r25
 4a0:	8f 91       	pop	r24
 4a2:	7f 91       	pop	r23
 4a4:	6f 91       	pop	r22
 4a6:	5f 91       	pop	r21
 4a8:	4f 91       	pop	r20
 4aa:	3f 91       	pop	r19
 4ac:	2f 91       	pop	r18
 4ae:	0f 90       	pop	r0
 4b0:	0f be       	out	0x3f, r0	; 63
 4b2:	0f 90       	pop	r0
 4b4:	1f 90       	pop	r1
 4b6:	18 95       	reti

000004b8 <mirf_config>:
void mirf_config() 
// Sets the important registers in the MiRF module and powers the module
// in receiving mode
{
    // Set RF channel
    mirf_config_register(RF_CH,mirf_CH);
 4b8:	85 e0       	ldi	r24, 0x05	; 5
 4ba:	62 e0       	ldi	r22, 0x02	; 2
 4bc:	89 df       	rcall	.-238    	; 0x3d0 <mirf_config_register>

    // Set length of incoming payload 
    mirf_config_register(RX_PW_P0, mirf_PAYLOAD);
 4be:	81 e1       	ldi	r24, 0x11	; 17
 4c0:	60 e2       	ldi	r22, 0x20	; 32
 4c2:	86 df       	rcall	.-244    	; 0x3d0 <mirf_config_register>
    //mirf_set_RADDR_P1(0xB3B4B5B6F1);
    //mirf_set_TADDR(0xB3B4B5B6F1);
    //mirf_set_TADDR(0x7878787878);

    // Start receiver 
    PTX = 0;        // Start in receiving mode
 4c4:	10 92 8b 00 	sts	0x008B, r1
    RX_POWERUP;     // Power up in receiving mode
 4c8:	80 e0       	ldi	r24, 0x00	; 0
 4ca:	6b e4       	ldi	r22, 0x4B	; 75
 4cc:	81 df       	rcall	.-254    	; 0x3d0 <mirf_config_register>
    mirf_CE_hi;     // Listening for pakets
 4ce:	c3 9a       	sbi	0x18, 3	; 24
}
 4d0:	08 95       	ret

000004d2 <mirf_read_register>:
    mirf_CSN_hi;
}

void mirf_read_register(uint8_t reg, uint8_t * value, uint8_t len)
// Reads an array of bytes from the given start position in the MiRF registers.
{
 4d2:	0f 93       	push	r16
 4d4:	1f 93       	push	r17
 4d6:	df 93       	push	r29
 4d8:	cf 93       	push	r28
 4da:	0f 92       	push	r0
 4dc:	cd b7       	in	r28, 0x3d	; 61
 4de:	de b7       	in	r29, 0x3e	; 62
 4e0:	8b 01       	movw	r16, r22
    mirf_CSN_lo;
 4e2:	c2 98       	cbi	0x18, 2	; 24
    spi_fast_shift(R_REGISTER | (REGISTER_MASK & reg));
 4e4:	8f 71       	andi	r24, 0x1F	; 31
 4e6:	49 83       	std	Y+1, r20	; 0x01
 4e8:	50 df       	rcall	.-352    	; 0x38a <spi_fast_shift>
    spi_transfer_sync(value,value,len);
 4ea:	c8 01       	movw	r24, r16
 4ec:	b8 01       	movw	r22, r16
 4ee:	49 81       	ldd	r20, Y+1	; 0x01
 4f0:	25 df       	rcall	.-438    	; 0x33c <spi_transfer_sync>
    mirf_CSN_hi;
 4f2:	c2 9a       	sbi	0x18, 2	; 24
}
 4f4:	0f 90       	pop	r0
 4f6:	cf 91       	pop	r28
 4f8:	df 91       	pop	r29
 4fa:	1f 91       	pop	r17
 4fc:	0f 91       	pop	r16
 4fe:	08 95       	ret

00000500 <mirf_write_register>:

void mirf_write_register(uint8_t reg, uint8_t * value, uint8_t len) 
// Writes an array of bytes into inte the MiRF registers.
{
 500:	0f 93       	push	r16
 502:	1f 93       	push	r17
 504:	df 93       	push	r29
 506:	cf 93       	push	r28
 508:	0f 92       	push	r0
 50a:	cd b7       	in	r28, 0x3d	; 61
 50c:	de b7       	in	r29, 0x3e	; 62
 50e:	8b 01       	movw	r16, r22
    mirf_CSN_lo;
 510:	c2 98       	cbi	0x18, 2	; 24
    spi_fast_shift(W_REGISTER | (REGISTER_MASK & reg));
 512:	8f 71       	andi	r24, 0x1F	; 31
 514:	80 62       	ori	r24, 0x20	; 32
 516:	49 83       	std	Y+1, r20	; 0x01
 518:	38 df       	rcall	.-400    	; 0x38a <spi_fast_shift>
    spi_transmit_sync(value,len);
 51a:	c8 01       	movw	r24, r16
 51c:	49 81       	ldd	r20, Y+1	; 0x01
 51e:	64 2f       	mov	r22, r20
 520:	22 df       	rcall	.-444    	; 0x366 <spi_transmit_sync>
    mirf_CSN_hi;
 522:	c2 9a       	sbi	0x18, 2	; 24
}
 524:	0f 90       	pop	r0
 526:	cf 91       	pop	r28
 528:	df 91       	pop	r29
 52a:	1f 91       	pop	r17
 52c:	0f 91       	pop	r16
 52e:	08 95       	ret

00000530 <mirf_set_TADDR>:
    mirf_write_register(RX_ADDR_P5,adr,5);
    mirf_CE_hi;
}
void mirf_set_TADDR(uint8_t * adr)
// Sets the transmitting address
{
 530:	bc 01       	movw	r22, r24
    mirf_write_register(TX_ADDR, adr,5);
 532:	80 e1       	ldi	r24, 0x10	; 16
 534:	45 e0       	ldi	r20, 0x05	; 5
 536:	e4 df       	rcall	.-56     	; 0x500 <mirf_write_register>
}
 538:	08 95       	ret

0000053a <mirf_set_RADDR_P5>:
    mirf_write_register(RX_ADDR_P4,adr,5);
    mirf_CE_hi;
}
void mirf_set_RADDR_P5(uint8_t * adr) 
// Sets the receiving address
{
 53a:	bc 01       	movw	r22, r24
    mirf_CE_lo;
 53c:	c3 98       	cbi	0x18, 3	; 24
    mirf_write_register(RX_ADDR_P5,adr,5);
 53e:	8f e0       	ldi	r24, 0x0F	; 15
 540:	45 e0       	ldi	r20, 0x05	; 5
 542:	de df       	rcall	.-68     	; 0x500 <mirf_write_register>
    mirf_CE_hi;
 544:	c3 9a       	sbi	0x18, 3	; 24
}
 546:	08 95       	ret

00000548 <mirf_set_RADDR_P4>:
    mirf_write_register(RX_ADDR_P3,adr,5);
    mirf_CE_hi;
}
void mirf_set_RADDR_P4(uint8_t * adr) 
// Sets the receiving address
{
 548:	bc 01       	movw	r22, r24
    mirf_CE_lo;
 54a:	c3 98       	cbi	0x18, 3	; 24
    mirf_write_register(RX_ADDR_P4,adr,5);
 54c:	8e e0       	ldi	r24, 0x0E	; 14
 54e:	45 e0       	ldi	r20, 0x05	; 5
 550:	d7 df       	rcall	.-82     	; 0x500 <mirf_write_register>
    mirf_CE_hi;
 552:	c3 9a       	sbi	0x18, 3	; 24
}
 554:	08 95       	ret

00000556 <mirf_set_RADDR_P3>:
    mirf_write_register(RX_ADDR_P2,adr,5);
    mirf_CE_hi;
}
void mirf_set_RADDR_P3(uint8_t * adr) 
// Sets the receiving address
{
 556:	bc 01       	movw	r22, r24
    mirf_CE_lo;
 558:	c3 98       	cbi	0x18, 3	; 24
    mirf_write_register(RX_ADDR_P3,adr,5);
 55a:	8d e0       	ldi	r24, 0x0D	; 13
 55c:	45 e0       	ldi	r20, 0x05	; 5
 55e:	d0 df       	rcall	.-96     	; 0x500 <mirf_write_register>
    mirf_CE_hi;
 560:	c3 9a       	sbi	0x18, 3	; 24
}
 562:	08 95       	ret

00000564 <mirf_set_RADDR_P2>:
    mirf_CE_hi;
}

void mirf_set_RADDR_P2(uint8_t * adr) 
// Sets the receiving address
{
 564:	bc 01       	movw	r22, r24
    mirf_CE_lo;
 566:	c3 98       	cbi	0x18, 3	; 24
    mirf_write_register(RX_ADDR_P2,adr,5);
 568:	8c e0       	ldi	r24, 0x0C	; 12
 56a:	45 e0       	ldi	r20, 0x05	; 5
 56c:	c9 df       	rcall	.-110    	; 0x500 <mirf_write_register>
    mirf_CE_hi;
 56e:	c3 9a       	sbi	0x18, 3	; 24
}
 570:	08 95       	ret

00000572 <mirf_set_RADDR_P1>:
    mirf_CE_hi;
}

void mirf_set_RADDR_P1(uint8_t * adr) 
// Sets the receiving address
{
 572:	bc 01       	movw	r22, r24
    mirf_CE_lo;
 574:	c3 98       	cbi	0x18, 3	; 24
    mirf_write_register(RX_ADDR_P1,adr,5);
 576:	8b e0       	ldi	r24, 0x0B	; 11
 578:	45 e0       	ldi	r20, 0x05	; 5
 57a:	c2 df       	rcall	.-124    	; 0x500 <mirf_write_register>
    mirf_CE_hi;
 57c:	c3 9a       	sbi	0x18, 3	; 24
}
 57e:	08 95       	ret

00000580 <mirf_set_RADDR>:
    mirf_CE_hi;     // Listening for pakets
}

void mirf_set_RADDR(uint8_t * adr) 
// Sets the receiving address
{
 580:	bc 01       	movw	r22, r24
    mirf_CE_lo;
 582:	c3 98       	cbi	0x18, 3	; 24
    mirf_write_register(RX_ADDR_P0,adr,5);
 584:	8a e0       	ldi	r24, 0x0A	; 10
 586:	45 e0       	ldi	r20, 0x05	; 5
 588:	bb df       	rcall	.-138    	; 0x500 <mirf_write_register>
    mirf_CE_hi;
 58a:	c3 9a       	sbi	0x18, 3	; 24
}
 58c:	08 95       	ret

0000058e <mirf_send>:


char mirf_send(uint8_t * value, uint8_t len) 
// Sends a data package to the default address. Be sure to send the correct
// amount of bytes as configured as payload on the receiver.
{
 58e:	ef 92       	push	r14
 590:	ff 92       	push	r15
 592:	0f 93       	push	r16
 594:	1f 93       	push	r17
 596:	df 93       	push	r29
 598:	cf 93       	push	r28
 59a:	0f 92       	push	r0
 59c:	cd b7       	in	r28, 0x3d	; 61
 59e:	de b7       	in	r29, 0x3e	; 62
 5a0:	8c 01       	movw	r16, r24
 5a2:	f6 2e       	mov	r15, r22

    // Save interrupt state and turn off interrupts
    uint8_t sreg_original = SREG;
 5a4:	ef b6       	in	r14, 0x3f	; 63
    cli ();
 5a6:	f8 94       	cli

    uint8_t status = 0;
 5a8:	19 82       	std	Y+1, r1	; 0x01
    mirf_read_register (STATUS, &status, 1);
 5aa:	87 e0       	ldi	r24, 0x07	; 7
 5ac:	be 01       	movw	r22, r28
 5ae:	6f 5f       	subi	r22, 0xFF	; 255
 5b0:	7f 4f       	sbci	r23, 0xFF	; 255
 5b2:	41 e0       	ldi	r20, 0x01	; 1
 5b4:	8e df       	rcall	.-228    	; 0x4d2 <mirf_read_register>

    
    #if defined(__AVR_ATtiny2313__)
    // If PTX == 1 and TX_DS == 1, or if the interrupt line is low, data was sent but the interrupt never happened.
    //   In this case, the interrupt was missed for some reason 
    if ((PINB & (1<<PB4)) || ((status & (1<<MASK_TX_DS)) && PTX))
 5b6:	b4 99       	sbic	0x16, 4	; 22
 5b8:	15 c0       	rjmp	.+42     	; 0x5e4 <mirf_send+0x56>
 5ba:	89 81       	ldd	r24, Y+1	; 0x01
 5bc:	85 fd       	sbrc	r24, 5
 5be:	0e c0       	rjmp	.+28     	; 0x5dc <mirf_send+0x4e>
        tx_complete();
    }
    #endif // __AVR_ATmega168__  

    // Restore interrupt state
    SREG = sreg_original;
 5c0:	ef be       	out	0x3f, r14	; 63

    //uint8_t testbuffer[16] = {0x60,0x61,0x62,0x63,0x64,0x65,0x66,0x67,0x68,0x69,0x6A,0x6B,0x6C,0x6D,0x6E,0x6F};
    //USART_Transmit(PTX);
    if (PTX)
 5c2:	80 91 8b 00 	lds	r24, 0x008B
 5c6:	88 23       	and	r24, r24
 5c8:	99 f0       	breq	.+38     	; 0x5f0 <mirf_send+0x62>
    {
        return -1; 
 5ca:	8f ef       	ldi	r24, 0xFF	; 255
 //   USART_Transmit('h');
    
    mirf_CE_hi;                     // Start transmission
//    USART_Transmit('q');
    return 0;
}
 5cc:	0f 90       	pop	r0
 5ce:	cf 91       	pop	r28
 5d0:	df 91       	pop	r29
 5d2:	1f 91       	pop	r17
 5d4:	0f 91       	pop	r16
 5d6:	ff 90       	pop	r15
 5d8:	ef 90       	pop	r14
 5da:	08 95       	ret

    
    #if defined(__AVR_ATtiny2313__)
    // If PTX == 1 and TX_DS == 1, or if the interrupt line is low, data was sent but the interrupt never happened.
    //   In this case, the interrupt was missed for some reason 
    if ((PINB & (1<<PB4)) || ((status & (1<<MASK_TX_DS)) && PTX))
 5dc:	80 91 8b 00 	lds	r24, 0x008B
 5e0:	88 23       	and	r24, r24
 5e2:	71 f3       	breq	.-36     	; 0x5c0 <mirf_send+0x32>
    {
        tx_complete();
 5e4:	1c df       	rcall	.-456    	; 0x41e <tx_complete>
        tx_complete();
    }
    #endif // __AVR_ATmega168__  

    // Restore interrupt state
    SREG = sreg_original;
 5e6:	ef be       	out	0x3f, r14	; 63

    //uint8_t testbuffer[16] = {0x60,0x61,0x62,0x63,0x64,0x65,0x66,0x67,0x68,0x69,0x6A,0x6B,0x6C,0x6D,0x6E,0x6F};
    //USART_Transmit(PTX);
    if (PTX)
 5e8:	80 91 8b 00 	lds	r24, 0x008B
 5ec:	88 23       	and	r24, r24
 5ee:	69 f7       	brne	.-38     	; 0x5ca <mirf_send+0x3c>
        return -1; 
    }
//    while (PTX) {}                  // Wait until last paket is send

//    USART_Transmit('h');
    mirf_CE_lo;
 5f0:	c3 98       	cbi	0x18, 3	; 24

    PTX = 1;                        // Set to transmitter mode
 5f2:	81 e0       	ldi	r24, 0x01	; 1
 5f4:	80 93 8b 00 	sts	0x008B, r24
    TX_POWERUP;                     // Power up
 5f8:	80 e0       	ldi	r24, 0x00	; 0
 5fa:	6a e4       	ldi	r22, 0x4A	; 74
 5fc:	e9 de       	rcall	.-558    	; 0x3d0 <mirf_config_register>
    
    //USART_Transmit('h');
    mirf_CSN_lo;                    // Pull down chip select
 5fe:	c2 98       	cbi	0x18, 2	; 24
    spi_fast_shift( FLUSH_TX );     // Write cmd to flush tx fifo
 600:	81 ee       	ldi	r24, 0xE1	; 225
 602:	c3 de       	rcall	.-634    	; 0x38a <spi_fast_shift>
    mirf_CSN_hi;                    // Pull up chip select
 604:	c2 9a       	sbi	0x18, 2	; 24
    mirf_CSN_lo;                    // Pull down chip select
 606:	c2 98       	cbi	0x18, 2	; 24
    spi_fast_shift( W_TX_PAYLOAD ); // Write cmd to write payload
 608:	80 ea       	ldi	r24, 0xA0	; 160
 60a:	bf de       	rcall	.-642    	; 0x38a <spi_fast_shift>
    //USART_Transmit('h');
    //spi_transmit_sync(testbuffer,16);
    spi_transmit_sync(value,len);   // Write payload
 60c:	c8 01       	movw	r24, r16
 60e:	6f 2d       	mov	r22, r15
 610:	aa de       	rcall	.-684    	; 0x366 <spi_transmit_sync>
    mirf_CSN_hi;                    // Pull up chip select
 612:	c2 9a       	sbi	0x18, 2	; 24
 //   USART_Transmit('h');
    
    mirf_CE_hi;                     // Start transmission
 614:	c3 9a       	sbi	0x18, 3	; 24
//    USART_Transmit('q');
    return 0;
 616:	80 e0       	ldi	r24, 0x00	; 0
}
 618:	0f 90       	pop	r0
 61a:	cf 91       	pop	r28
 61c:	df 91       	pop	r29
 61e:	1f 91       	pop	r17
 620:	0f 91       	pop	r16
 622:	ff 90       	pop	r15
 624:	ef 90       	pop	r14
 626:	08 95       	ret

00000628 <USART_Init>:
 628:	92 b9       	out	0x02, r25	; 2
 62a:	89 b9       	out	0x09, r24	; 9
 62c:	88 e9       	ldi	r24, 0x98	; 152
 62e:	8a b9       	out	0x0a, r24	; 10
 630:	8e e0       	ldi	r24, 0x0E	; 14
 632:	83 b9       	out	0x03, r24	; 3
 634:	08 95       	ret

00000636 <USART_Transmit>:
 636:	5d 9b       	sbis	0x0b, 5	; 11
 638:	fe cf       	rjmp	.-4      	; 0x636 <USART_Transmit>
 63a:	8c b9       	out	0x0c, r24	; 12
 63c:	08 95       	ret

0000063e <USART_Receive>:
 63e:	5f 9b       	sbis	0x0b, 7	; 11
 640:	fe cf       	rjmp	.-4      	; 0x63e <USART_Receive>
 642:	8c b1       	in	r24, 0x0c	; 12
 644:	08 95       	ret

00000646 <transmit_string>:
 646:	fc 01       	movw	r30, r24
 648:	80 81       	ld	r24, Z
 64a:	88 23       	and	r24, r24
 64c:	39 f0       	breq	.+14     	; 0x65c <transmit_string+0x16>
 64e:	31 96       	adiw	r30, 0x01	; 1
 650:	5d 9b       	sbis	0x0b, 5	; 11
 652:	fe cf       	rjmp	.-4      	; 0x650 <transmit_string+0xa>
 654:	8c b9       	out	0x0c, r24	; 12
 656:	81 91       	ld	r24, Z+
 658:	88 23       	and	r24, r24
 65a:	d1 f7       	brne	.-12     	; 0x650 <transmit_string+0xa>
 65c:	08 95       	ret

0000065e <_exit>:
 65e:	f8 94       	cli

00000660 <__stop_program>:
 660:	ff cf       	rjmp	.-2      	; 0x660 <__stop_program>
